
Thu Jul 05 2018 14:05:00 GMT-0700 (Pacific Daylight Time) -- OK.
Thu Jul 05 2018 14:07:00 GMT-0700 (Pacific Daylight Time) -- OK.
Wed Jul 18 2018 06:02:07 GMT-0700 (Pacific Daylight Time) -- FAIL : Error: ENOENT: no such file or directory, open 'C:\Users\bligh\Dropbox\C7.0.1-MASTER\C7_JH_JUN112018-master\public\Reports\cardholderTestData1530748759246.csv'
Wed Jul 18 2018 20:38:29 GMT-0700 (Pacific Daylight Time) -- FAIL : Error: ENOENT: no such file or directory, open 'C:\Users\bligh\Dropbox\C7.0.1-MASTER\C7_JH_JUN112018-master\public\Reports\cardholderTestData1530748759246.csv'
Thu Jul 19 2018 14:07:00 GMT-0700 (Pacific Daylight Time) -- FAIL : Error: ENOENT: no such file or directory, open 'C:\Users\bligh\Dropbox\C7.0.1-MASTER\C7_JH_JUN112018-master\public\Reports\cardholderTestData1530748759246.csv'
Mon Jul 30 2018 07:31:38 GMT-0700 (Pacific Daylight Time) -- FAIL : Error: ENOENT: no such file or directory, open 'C:\Users\bligh\Dropbox\C7.0.1-MASTER\C7_JH_JUN112018-master\public\Reports\cardholderTestData1530748759246.csv'
Tue Jul 31 2018 07:01:52 GMT-0700 (Pacific Daylight Time) -- FAIL : Error: ENOENT: no such file or directory, open 'C:\Users\bligh\Dropbox\C7.0.1-MASTER\C7_JH_JUN112018-master\public\Reports\cardholderTestData1530748759246.csv'
Tue Jul 31 2018 14:07:00 GMT-0700 (Pacific Daylight Time) -- FAIL : Error: ENOENT: no such file or directory, open 'C:\Users\bligh\Dropbox\C7.0.1-MASTER\C7_JH_JUN112018-master\public\Reports\cardholderTestData1530748759246.csv'
Fri Aug 03 2018 06:37:27 GMT-0700 (Pacific Daylight Time) -- FAIL : Error: ENOENT: no such file or directory, open 'C:\Users\bligh\Dropbox\C7.0.1-MASTER\C7_JH_JUN112018-master\public\Reports\cardholderTestData1530748759246.csv'
Fri Aug 03 2018 09:09:00 GMT-0700 (Pacific Daylight Time) -- FAIL : Error: ENOENT: no such file or directory, open 'C:\Users\bligh\Dropbox\C7.0.1-MASTER\C7_JH_JUN112018-master\public\Reports\cardholderTestData1530748759246.csv'
Fri Aug 03 2018 09:12:00 GMT-0700 (Pacific Daylight Time) -- FAIL : Error: ENOENT: no such file or directory, open 'C:\Users\bligh\Dropbox\C7.0.1-MASTER\C7_JH_JUN112018-master\public\Reports\cardholderTestData1530748759246.csv'
Fri Aug 03 2018 12:34:00 GMT-0700 (Pacific Daylight Time) -- FAIL : Error: ENOENT: no such file or directory, open 'C:\Users\bligh\Dropbox\C7.0.1-MASTER\C7_JH_JUN112018-master\public\Reports\cardholderTestData1530748759246.csv'
Fri Aug 03 2018 14:07:00 GMT-0700 (PDT) -- FAIL : Error: ENOENT: no such file or directory, open 'C:\Users\bligh\Dropbox\C7.0.1-MASTER\C7_JH_JUN112018-master\public\Reports\cardholderTestData1530748759246.csv'
Mon Aug 06 2018 14:07:00 GMT-0700 (PDT) -- FAIL : Error: ENOENT: no such file or directory, open 'C:\Users\bligh\Dropbox\C7.0.1-MASTER\C7_JH_JUN112018-master\public\Reports\cardholderTestData1530748759246.csv'
Tue Aug 07 2018 14:07:00 GMT-0700 (PDT) -- FAIL : Error: ENOENT: no such file or directory, open 'C:\Users\bligh\Dropbox\C7.0.1-MASTER\C7_JH_JUN112018-master\public\Reports\cardholderTestData1530748759246.csv'
Tue Aug 21 2018 14:11:10 GMT-0700 (PDT) -- FAIL : Error: ENOENT: no such file or directory, open 'C:\Users\bligh\Dropbox\C7.0.1-MASTER\C7_JH_JUN112018-master\public\Reports\cardholderTestData1530748759246.csv'
Thu Aug 23 2018 17:36:49 GMT-0700 (PDT) -- FAIL : Error: ENOENT: no such file or directory, open 'C:\Users\bligh\Dropbox\C7.0.1-MASTER\C7_JH_JUN112018-master\public\Reports\cardholderTestData1530748759246.csv'
Sat Aug 25 2018 15:49:23 GMT-0700 (PDT) -- FAIL : Error: ENOENT: no such file or directory, open 'C:\Users\bligh\Dropbox\C7.0.1-MASTER\C7_JH_JUN112018-master\public\Reports\cardholderTestData1530748759246.csv'
Tue Aug 28 2018 14:46:21 GMT-0700 (PDT) -- FAIL : Error: ENOENT: no such file or directory, open 'C:\Users\bligh\Dropbox\C7.0.1-MASTER\C7_JH_JUN112018-master\public\Reports\cardholderTestData1530748759246.csv'
Thu Aug 30 2018 14:07:00 GMT-0700 (Pacific Daylight Time) -- FAIL : Error: ENOENT: no such file or directory, open 'C:\Users\bligh\Dropbox\C7.0.1-MASTER\C7_JH_JUN112018-master\public\Reports\cardholderTestData1530748759246.csv'
Sat Sep 01 2018 14:56:32 GMT-0700 (PDT) -- FAIL : Error: ENOENT: no such file or directory, open 'C:\Users\bligh\Dropbox\C7.0.1-MASTER\C7_JH_JUN112018-master\public\Reports\cardholderTestData1530748759246.csv'
<<<<<<< HEAD
Mon Sep 03 2018 14:07:00 GMT-0700 (Pacific Daylight Time) -- FAIL : Error: ENOENT: no such file or directory, open 'C:\Users\bligh\Dropbox\C7.0.1-MASTER\C7_JH_JUN112018-master\public\Reports\cardholderTestData1530748759246.csv'
=======
Mon Sep 03 2018 14:07:00 GMT-0700 (PDT) -- FAIL : Error: ENOENT: no such file or directory, open 'C:\Users\bligh\Dropbox\C7.0.1-MASTER\C7_JH_JUN112018-master\public\Reports\cardholderTestData1530748759246.csv'
>>>>>>> 4b054aa66d9384ba4b457e7ae4104fe1d3412aac
<<<<<<< HEAD
Mon Sep 10 2018 09:09:20 GMT-0700 (Pacific Daylight Time) -- FAIL : Error: ENOENT: no such file or directory, open 'C:\Users\bligh\Dropbox\C7.0.1-MASTER\C7_JH_JUN112018-master\public\Reports\cardholderTestData1530748759246.csv'
=======
Wed Sep 05 2018 10:21:30 GMT-0700 (PDT) -- FAIL : Error: ENOENT: no such file or directory, open 'C:\Users\bligh\Dropbox\C7.0.1-MASTER\C7_JH_JUN112018-master\public\Reports\cardholderTestData1530748759246.csv'
Thu Sep 06 2018 07:59:06 GMT-0700 (PDT) -- FAIL : Error: ENOENT: no such file or directory, open 'C:\Users\bligh\Dropbox\C7.0.1-MASTER\C7_JH_JUN112018-master\public\Reports\cardholderTestData1530748759246.csv'
>>>>>>> 1abded4f9e86bb6bfb966f7e692df85217aaca5e
